<?xml version="1.0" encoding="UTF-8"?>
<testng-results ignored="0" total="1" passed="1" failed="0" skipped="0">
  <reporter-output>
  </reporter-output>
  <suite started-at="2023-12-06T10:24:39 IST" name="Default suite" finished-at="2023-12-06T10:25:24 IST" duration-ms="44710">
    <groups>
      <group name="cucumber">
        <method signature="AbstractTestNGCucumberTests.runScenario(io.cucumber.testng.PickleWrapper,io.cucumber.testng.FeatureWrapper)[pri:0, instance:TestRunner.TestRunner@285d851a]" name="runScenario" class="io.cucumber.testng.AbstractTestNGCucumberTests"/>
      </group> <!-- cucumber -->
    </groups>
    <test started-at="2023-12-06T10:24:39 IST" name="Default test" finished-at="2023-12-06T10:25:24 IST" duration-ms="44710">
      <class name="TestRunner.TestRunner">
        <test-method is-config="true" signature="setUpClass(org.testng.ITestContext)[pri:0, instance:TestRunner.TestRunner@285d851a]" started-at="2023-12-06T10:24:39 IST" name="setUpClass" finished-at="2023-12-06T10:24:41 IST" duration-ms="2194" status="PASS">
          <params>
            <param index="0">
              <value>
                <![CDATA[org.testng.TestRunner@fe337]]>
              </value>
            </param>
          </params>
          <reporter-output>
          </reporter-output>
        </test-method> <!-- setUpClass -->
        <test-method signature="runScenario(io.cucumber.testng.PickleWrapper,io.cucumber.testng.FeatureWrapper)[pri:0, instance:TestRunner.TestRunner@285d851a]" started-at="2023-12-06T10:24:41 IST" name="runScenario" description="Runs Cucumber Scenarios" data-provider="scenarios" finished-at="2023-12-06T10:25:24 IST" duration-ms="42306" status="PASS">
          <params>
            <param index="0">
              <value>
                <![CDATA["Login multiple username"]]>
              </value>
            </param>
            <param index="1">
              <value>
                <![CDATA["we will cover login operations in the feature"]]>
              </value>
            </param>
          </params>
          <reporter-output>
          </reporter-output>
        </test-method> <!-- runScenario -->
        <test-method is-config="true" signature="tearDownClass()[pri:0, instance:TestRunner.TestRunner@285d851a]" started-at="2023-12-06T10:25:24 IST" name="tearDownClass" finished-at="2023-12-06T10:25:24 IST" duration-ms="52" status="PASS">
          <reporter-output>
          </reporter-output>
        </test-method> <!-- tearDownClass -->
      </class> <!-- TestRunner.TestRunner -->
    </test> <!-- Default test -->
  </suite> <!-- Default suite -->
</testng-results>
